Added Component: Designator=*1(TQFP48 7x7_L)
Added Component: Designator=C1(C 0603)
Add component (AddParameter): Name = "LatestRevisionDate"; Value = "17-Jul-2002"; VariantName = "[No Variations]"
Add component (AddParameter): Name = "LatestRevisionNote"; Value = "Re-released for DXP Platform."; VariantName = "[No Variations]"
Add component (AddParameter): Name = "Published"; Value = "8-Jun-2000"; VariantName = "[No Variations]"
Add component (AddParameter): Name = "Publisher"; Value = "Altium Limited"; VariantName = "[No Variations]"
Add component (AddParameter): Name = "Value"; Value = "104"; VariantName = "[No Variations]"
Added Component: Designator=C2(C 0603)
Add component (AddParameter): Name = "LatestRevisionDate"; Value = "17-Jul-2002"; VariantName = "[No Variations]"
Add component (AddParameter): Name = "LatestRevisionNote"; Value = "Re-released for DXP Platform."; VariantName = "[No Variations]"
Add component (AddParameter): Name = "Published"; Value = "8-Jun-2000"; VariantName = "[No Variations]"
Add component (AddParameter): Name = "Publisher"; Value = "Altium Limited"; VariantName = "[No Variations]"
Add component (AddParameter): Name = "Value"; Value = "104"; VariantName = "[No Variations]"
Added Component: Designator=C3(C 0603)
Add component (AddParameter): Name = "LatestRevisionDate"; Value = "17-Jul-2002"; VariantName = "[No Variations]"
Add component (AddParameter): Name = "LatestRevisionNote"; Value = "Re-released for DXP Platform."; VariantName = "[No Variations]"
Add component (AddParameter): Name = "Published"; Value = "8-Jun-2000"; VariantName = "[No Variations]"
Add component (AddParameter): Name = "Publisher"; Value = "Altium Limited"; VariantName = "[No Variations]"
Add component (AddParameter): Name = "Value"; Value = "104"; VariantName = "[No Variations]"
Added Component: Designator=C4(C 0603)
Add component (AddParameter): Name = "LatestRevisionDate"; Value = "17-Jul-2002"; VariantName = "[No Variations]"
Add component (AddParameter): Name = "LatestRevisionNote"; Value = "Re-released for DXP Platform."; VariantName = "[No Variations]"
Add component (AddParameter): Name = "Published"; Value = "8-Jun-2000"; VariantName = "[No Variations]"
Add component (AddParameter): Name = "Publisher"; Value = "Altium Limited"; VariantName = "[No Variations]"
Add component (AddParameter): Name = "Value"; Value = "104"; VariantName = "[No Variations]"
Added Component: Designator=C5(C 0603)
Add component (AddParameter): Name = "LatestRevisionDate"; Value = "17-Jul-2002"; VariantName = "[No Variations]"
Add component (AddParameter): Name = "LatestRevisionNote"; Value = "Re-released for DXP Platform."; VariantName = "[No Variations]"
Add component (AddParameter): Name = "Published"; Value = "8-Jun-2000"; VariantName = "[No Variations]"
Add component (AddParameter): Name = "Publisher"; Value = "Altium Limited"; VariantName = "[No Variations]"
Add component (AddParameter): Name = "Value"; Value = "104"; VariantName = "[No Variations]"
Added Component: Designator=C6(C 0603)
Add component (AddParameter): Name = "LatestRevisionDate"; Value = "17-Jul-2002"; VariantName = "[No Variations]"
Add component (AddParameter): Name = "LatestRevisionNote"; Value = "Re-released for DXP Platform."; VariantName = "[No Variations]"
Add component (AddParameter): Name = "Published"; Value = "8-Jun-2000"; VariantName = "[No Variations]"
Add component (AddParameter): Name = "Publisher"; Value = "Altium Limited"; VariantName = "[No Variations]"
Add component (AddParameter): Name = "Value"; Value = "104"; VariantName = "[No Variations]"
Added Component: Designator=C7(C 0603)
Add component (AddParameter): Name = "LatestRevisionDate"; Value = "17-Jul-2002"; VariantName = "[No Variations]"
Add component (AddParameter): Name = "LatestRevisionNote"; Value = "Re-released for DXP Platform."; VariantName = "[No Variations]"
Add component (AddParameter): Name = "Published"; Value = "8-Jun-2000"; VariantName = "[No Variations]"
Add component (AddParameter): Name = "Publisher"; Value = "Altium Limited"; VariantName = "[No Variations]"
Add component (AddParameter): Name = "Value"; Value = "104"; VariantName = "[No Variations]"
Added Component: Designator=C8(C 0603)
Add component (AddParameter): Name = "LatestRevisionDate"; Value = "17-Jul-2002"; VariantName = "[No Variations]"
Add component (AddParameter): Name = "LatestRevisionNote"; Value = "Re-released for DXP Platform."; VariantName = "[No Variations]"
Add component (AddParameter): Name = "Published"; Value = "8-Jun-2000"; VariantName = "[No Variations]"
Add component (AddParameter): Name = "Publisher"; Value = "Altium Limited"; VariantName = "[No Variations]"
Add component (AddParameter): Name = "Value"; Value = "104"; VariantName = "[No Variations]"
Added Component: Designator=C9(C 0603)
Add component (AddParameter): Name = "LatestRevisionDate"; Value = "17-Jul-2002"; VariantName = "[No Variations]"
Add component (AddParameter): Name = "LatestRevisionNote"; Value = "Re-released for DXP Platform."; VariantName = "[No Variations]"
Add component (AddParameter): Name = "Published"; Value = "8-Jun-2000"; VariantName = "[No Variations]"
Add component (AddParameter): Name = "Publisher"; Value = "Altium Limited"; VariantName = "[No Variations]"
Add component (AddParameter): Name = "Value"; Value = "104"; VariantName = "[No Variations]"
Added Component: Designator=C10(C 0603)
Add component (AddParameter): Name = "LatestRevisionDate"; Value = "17-Jul-2002"; VariantName = "[No Variations]"
Add component (AddParameter): Name = "LatestRevisionNote"; Value = "Re-released for DXP Platform."; VariantName = "[No Variations]"
Add component (AddParameter): Name = "Published"; Value = "8-Jun-2000"; VariantName = "[No Variations]"
Add component (AddParameter): Name = "Publisher"; Value = "Altium Limited"; VariantName = "[No Variations]"
Add component (AddParameter): Name = "Value"; Value = "104"; VariantName = "[No Variations]"
Added Component: Designator=D1(LED 0805G)
Added Component: Designator=D2(LED 0805G)
Added Component: Designator=P1(HDR1X20)
Add component (AddParameter): Name = "LatestRevisionDate"; Value = "17-Jul-2002"; VariantName = "[No Variations]"
Add component (AddParameter): Name = "LatestRevisionNote"; Value = "Re-released for DXP Platform."; VariantName = "[No Variations]"
Add component (AddParameter): Name = "Publisher"; Value = "Altium Limited"; VariantName = "[No Variations]"
Added Component: Designator=P2(HDR1X20)
Add component (AddParameter): Name = "LatestRevisionDate"; Value = "17-Jul-2002"; VariantName = "[No Variations]"
Add component (AddParameter): Name = "LatestRevisionNote"; Value = "Re-released for DXP Platform."; VariantName = "[No Variations]"
Add component (AddParameter): Name = "Publisher"; Value = "Altium Limited"; VariantName = "[No Variations]"
Added Component: Designator=P3(HDR-1X4_H)
Add component (AddParameter): Name = "LatestRevisionDate"; Value = "17-Jul-2002"; VariantName = "[No Variations]"
Add component (AddParameter): Name = "LatestRevisionNote"; Value = "Re-released for DXP Platform."; VariantName = "[No Variations]"
Add component (AddParameter): Name = "Publisher"; Value = "Altium Limited"; VariantName = "[No Variations]"
Added Component: Designator=P4(HDR-3X2)
Add component (AddParameter): Name = "LatestRevisionDate"; Value = "17-Jul-2002"; VariantName = "[No Variations]"
Add component (AddParameter): Name = "LatestRevisionNote"; Value = "Re-released for DXP Platform."; VariantName = "[No Variations]"
Add component (AddParameter): Name = "Publisher"; Value = "Altium Limited"; VariantName = "[No Variations]"
Added Component: Designator=R1(R 0603)
Add component (AddParameter): Name = "LatestRevisionDate"; Value = "17-Jul-2002"; VariantName = "[No Variations]"
Add component (AddParameter): Name = "LatestRevisionNote"; Value = "Re-released for DXP Platform."; VariantName = "[No Variations]"
Add component (AddParameter): Name = "Published"; Value = "8-Jun-2000"; VariantName = "[No Variations]"
Add component (AddParameter): Name = "Publisher"; Value = "Altium Limited"; VariantName = "[No Variations]"
Added Component: Designator=R2(R 0603)
Add component (AddParameter): Name = "LatestRevisionDate"; Value = "17-Jul-2002"; VariantName = "[No Variations]"
Add component (AddParameter): Name = "LatestRevisionNote"; Value = "Re-released for DXP Platform."; VariantName = "[No Variations]"
Add component (AddParameter): Name = "Published"; Value = "8-Jun-2000"; VariantName = "[No Variations]"
Add component (AddParameter): Name = "Publisher"; Value = "Altium Limited"; VariantName = "[No Variations]"
Added Component: Designator=R3(R 0603)
Add component (AddParameter): Name = "LatestRevisionDate"; Value = "17-Jul-2002"; VariantName = "[No Variations]"
Add component (AddParameter): Name = "LatestRevisionNote"; Value = "Re-released for DXP Platform."; VariantName = "[No Variations]"
Add component (AddParameter): Name = "Published"; Value = "8-Jun-2000"; VariantName = "[No Variations]"
Add component (AddParameter): Name = "Publisher"; Value = "Altium Limited"; VariantName = "[No Variations]"
Added Component: Designator=R4(R 0603)
Add component (AddParameter): Name = "LatestRevisionDate"; Value = "17-Jul-2002"; VariantName = "[No Variations]"
Add component (AddParameter): Name = "LatestRevisionNote"; Value = "Re-released for DXP Platform."; VariantName = "[No Variations]"
Add component (AddParameter): Name = "Published"; Value = "8-Jun-2000"; VariantName = "[No Variations]"
Add component (AddParameter): Name = "Publisher"; Value = "Altium Limited"; VariantName = "[No Variations]"
Added Component: Designator=R5(R 0603)
Add component (AddParameter): Name = "LatestRevisionDate"; Value = "17-Jul-2002"; VariantName = "[No Variations]"
Add component (AddParameter): Name = "LatestRevisionNote"; Value = "Re-released for DXP Platform."; VariantName = "[No Variations]"
Add component (AddParameter): Name = "Published"; Value = "8-Jun-2000"; VariantName = "[No Variations]"
Add component (AddParameter): Name = "Publisher"; Value = "Altium Limited"; VariantName = "[No Variations]"
Added Component: Designator=R6(R 0603)
Add component (AddParameter): Name = "LatestRevisionDate"; Value = "17-Jul-2002"; VariantName = "[No Variations]"
Add component (AddParameter): Name = "LatestRevisionNote"; Value = "Re-released for DXP Platform."; VariantName = "[No Variations]"
Add component (AddParameter): Name = "Published"; Value = "8-Jun-2000"; VariantName = "[No Variations]"
Add component (AddParameter): Name = "Publisher"; Value = "Altium Limited"; VariantName = "[No Variations]"
Added Component: Designator=R7(R 0603)
Add component (AddParameter): Name = "LatestRevisionDate"; Value = "17-Jul-2002"; VariantName = "[No Variations]"
Add component (AddParameter): Name = "LatestRevisionNote"; Value = "Re-released for DXP Platform."; VariantName = "[No Variations]"
Add component (AddParameter): Name = "Published"; Value = "8-Jun-2000"; VariantName = "[No Variations]"
Add component (AddParameter): Name = "Publisher"; Value = "Altium Limited"; VariantName = "[No Variations]"
Added Component: Designator=R8(R 0603)
Add component (AddParameter): Name = "LatestRevisionDate"; Value = "17-Jul-2002"; VariantName = "[No Variations]"
Add component (AddParameter): Name = "LatestRevisionNote"; Value = "Re-released for DXP Platform."; VariantName = "[No Variations]"
Add component (AddParameter): Name = "Published"; Value = "8-Jun-2000"; VariantName = "[No Variations]"
Add component (AddParameter): Name = "Publisher"; Value = "Altium Limited"; VariantName = "[No Variations]"
Added Component: Designator=R9(R 0603)
Add component (AddParameter): Name = "LatestRevisionDate"; Value = "17-Jul-2002"; VariantName = "[No Variations]"
Add component (AddParameter): Name = "LatestRevisionNote"; Value = "Re-released for DXP Platform."; VariantName = "[No Variations]"
Add component (AddParameter): Name = "Published"; Value = "8-Jun-2000"; VariantName = "[No Variations]"
Add component (AddParameter): Name = "Publisher"; Value = "Altium Limited"; VariantName = "[No Variations]"
Added Component: Designator=SW1(TSW SMD-3*6*2.5)
Added Component: Designator=U1(USB-micro_B)
Added Component: Designator=Y1(XTAL-49S DIP)
Add component (AddParameter): Name = "LatestRevisionDate"; Value = "17-Jul-2002"; VariantName = "[No Variations]"
Add component (AddParameter): Name = "LatestRevisionNote"; Value = "Re-released for DXP Platform."; VariantName = "[No Variations]"
Add component (AddParameter): Name = "Published"; Value = "8-Jun-2000"; VariantName = "[No Variations]"
Add component (AddParameter): Name = "Publisher"; Value = "Altium Limited"; VariantName = "[No Variations]"
Added Component: Designator=Y2(XTAL-49S DIP)
Add component (AddParameter): Name = "LatestRevisionDate"; Value = "17-Jul-2002"; VariantName = "[No Variations]"
Add component (AddParameter): Name = "LatestRevisionNote"; Value = "Re-released for DXP Platform."; VariantName = "[No Variations]"
Add component (AddParameter): Name = "Published"; Value = "8-Jun-2000"; VariantName = "[No Variations]"
Add component (AddParameter): Name = "Publisher"; Value = "Altium Limited"; VariantName = "[No Variations]"
Added Pin To Net: NetName=5V Pin=P2-3
Added Pin To Net: NetName=5V Pin=R6-1
Added Pin To Net: NetName=5V Pin=U1-5
Added Pin To Net: NetName=5V Pin=U1-5
Added Pin To Net: NetName=5V Pin=U1-5
Added Pin To Net: NetName=5V Pin=U1-5
Added Pin To Net: NetName=5V Pin=U1-5
Added Net: Name=5V
Added Pin To Net: NetName=BOOT0 Pin=*1-44
Added Pin To Net: NetName=BOOT0 Pin=R7-1
Added Net: Name=BOOT0
Added Pin To Net: NetName=BOOT1 Pin=*1-20
Added Pin To Net: NetName=BOOT1 Pin=R8-2
Added Net: Name=BOOT1
Added Pin To Net: NetName=GND Pin=*1-8
Added Pin To Net: NetName=GND Pin=*1-23
Added Pin To Net: NetName=GND Pin=*1-35
Added Pin To Net: NetName=GND Pin=*1-47
Added Pin To Net: NetName=GND Pin=C1-1
Added Pin To Net: NetName=GND Pin=C2-1
Added Pin To Net: NetName=GND Pin=C3-1
Added Pin To Net: NetName=GND Pin=C4-1
Added Pin To Net: NetName=GND Pin=C5-1
Added Pin To Net: NetName=GND Pin=C6-1
Added Pin To Net: NetName=GND Pin=C7-1
Added Pin To Net: NetName=GND Pin=C8-1
Added Pin To Net: NetName=GND Pin=C9-1
Added Pin To Net: NetName=GND Pin=C10-1
Added Pin To Net: NetName=GND Pin=P1-19
Added Pin To Net: NetName=GND Pin=P1-20
Added Pin To Net: NetName=GND Pin=P2-2
Added Pin To Net: NetName=GND Pin=P3-4
Added Pin To Net: NetName=GND Pin=P4-5
Added Pin To Net: NetName=GND Pin=P4-6
Added Pin To Net: NetName=GND Pin=R2-2
Added Pin To Net: NetName=GND Pin=SW1-2
Added Pin To Net: NetName=GND Pin=U1-1
Added Pin To Net: NetName=GND Pin=U1-4
Added Net: Name=GND
Added Pin To Net: NetName=NetD1_2 Pin=D1-2
Added Pin To Net: NetName=NetD1_2 Pin=R2-1
Added Net: Name=NetD1_2
Added Pin To Net: NetName=NetD2_2 Pin=D2-2
Added Pin To Net: NetName=NetD2_2 Pin=R5-1
Added Net: Name=NetD2_2
Added Pin To Net: NetName=NetP4_3 Pin=P4-3
Added Pin To Net: NetName=NetP4_3 Pin=R7-2
Added Net: Name=NetP4_3
Added Pin To Net: NetName=NetP4_4 Pin=P4-4
Added Pin To Net: NetName=NetP4_4 Pin=R8-1
Added Net: Name=NetP4_4
Added Pin To Net: NetName=NetR3_1 Pin=R3-1
Added Pin To Net: NetName=NetR3_1 Pin=U1-2
Added Net: Name=NetR3_1
Added Pin To Net: NetName=NetR4_1 Pin=R4-1
Added Pin To Net: NetName=NetR4_1 Pin=U1-3
Added Net: Name=NetR4_1
Added Pin To Net: NetName=OSCIN Pin=*1-5
Added Pin To Net: NetName=OSCIN Pin=C3-2
Added Pin To Net: NetName=OSCIN Pin=R1-2
Added Net: Name=OSCIN
Added Pin To Net: NetName=OSCOUT Pin=*1-6
Added Pin To Net: NetName=OSCOUT Pin=C4-2
Added Pin To Net: NetName=OSCOUT Pin=R1-1
Added Pin To Net: NetName=OSCOUT Pin=Y2-1
Added Net: Name=OSCOUT
Added Pin To Net: NetName=PA0 Pin=*1-10
Added Pin To Net: NetName=PA0 Pin=P1-5
Added Net: Name=PA0
Added Pin To Net: NetName=PA1 Pin=*1-11
Added Pin To Net: NetName=PA1 Pin=P1-6
Added Net: Name=PA1
Added Pin To Net: NetName=PA2 Pin=*1-12
Added Pin To Net: NetName=PA2 Pin=P1-7
Added Net: Name=PA2
Added Pin To Net: NetName=PA3 Pin=*1-13
Added Pin To Net: NetName=PA3 Pin=P1-8
Added Net: Name=PA3
Added Pin To Net: NetName=PA4 Pin=*1-14
Added Pin To Net: NetName=PA4 Pin=P1-9
Added Net: Name=PA4
Added Pin To Net: NetName=PA5 Pin=*1-15
Added Pin To Net: NetName=PA5 Pin=P1-10
Added Net: Name=PA5
Added Pin To Net: NetName=PA6 Pin=*1-16
Added Pin To Net: NetName=PA6 Pin=P1-11
Added Net: Name=PA6
Added Pin To Net: NetName=PA7 Pin=*1-17
Added Pin To Net: NetName=PA7 Pin=P1-12
Added Net: Name=PA7
Added Pin To Net: NetName=PA8 Pin=*1-29
Added Pin To Net: NetName=PA8 Pin=P2-16
Added Net: Name=PA8
Added Pin To Net: NetName=PA9 Pin=*1-30
Added Pin To Net: NetName=PA9 Pin=P2-15
Added Net: Name=PA9
Added Pin To Net: NetName=PA10 Pin=*1-31
Added Pin To Net: NetName=PA10 Pin=P2-14
Added Net: Name=PA10
Added Pin To Net: NetName=PA11 Pin=*1-32
Added Pin To Net: NetName=PA11 Pin=P2-13
Added Pin To Net: NetName=PA11 Pin=R3-2
Added Net: Name=PA11
Added Pin To Net: NetName=PA12 Pin=*1-33
Added Pin To Net: NetName=PA12 Pin=P2-12
Added Pin To Net: NetName=PA12 Pin=R4-2
Added Pin To Net: NetName=PA12 Pin=R6-2
Added Net: Name=PA12
Added Pin To Net: NetName=PA15 Pin=*1-38
Added Pin To Net: NetName=PA15 Pin=P2-11
Added Net: Name=PA15
Added Pin To Net: NetName=PB0 Pin=*1-18
Added Pin To Net: NetName=PB0 Pin=P1-13
Added Net: Name=PB0
Added Pin To Net: NetName=PB1 Pin=*1-19
Added Pin To Net: NetName=PB1 Pin=P1-14
Added Net: Name=PB1
Added Pin To Net: NetName=PB3 Pin=*1-39
Added Pin To Net: NetName=PB3 Pin=P2-10
Added Net: Name=PB3
Added Pin To Net: NetName=PB4 Pin=*1-40
Added Pin To Net: NetName=PB4 Pin=P2-9
Added Net: Name=PB4
Added Pin To Net: NetName=PB5 Pin=*1-41
Added Pin To Net: NetName=PB5 Pin=P2-8
Added Net: Name=PB5
Added Pin To Net: NetName=PB6 Pin=*1-42
Added Pin To Net: NetName=PB6 Pin=P2-7
Added Net: Name=PB6
Added Pin To Net: NetName=PB7 Pin=*1-43
Added Pin To Net: NetName=PB7 Pin=P2-6
Added Net: Name=PB7
Added Pin To Net: NetName=PB8 Pin=*1-45
Added Pin To Net: NetName=PB8 Pin=P2-5
Added Net: Name=PB8
Added Pin To Net: NetName=PB9 Pin=*1-46
Added Pin To Net: NetName=PB9 Pin=P2-4
Added Net: Name=PB9
Added Pin To Net: NetName=PB10 Pin=*1-21
Added Pin To Net: NetName=PB10 Pin=P1-15
Added Net: Name=PB10
Added Pin To Net: NetName=PB11 Pin=*1-22
Added Pin To Net: NetName=PB11 Pin=P1-16
Added Net: Name=PB11
Added Pin To Net: NetName=PB12 Pin=*1-25
Added Pin To Net: NetName=PB12 Pin=P2-20
Added Net: Name=PB12
Added Pin To Net: NetName=PB13 Pin=*1-26
Added Pin To Net: NetName=PB13 Pin=P2-19
Added Net: Name=PB13
Added Pin To Net: NetName=PB14 Pin=*1-27
Added Pin To Net: NetName=PB14 Pin=P2-18
Added Net: Name=PB14
Added Pin To Net: NetName=PB15 Pin=*1-28
Added Pin To Net: NetName=PB15 Pin=P2-17
Added Net: Name=PB15
Added Pin To Net: NetName=PC13 Pin=*1-2
Added Pin To Net: NetName=PC13 Pin=P1-2
Added Pin To Net: NetName=PC13 Pin=R5-2
Added Net: Name=PC13
Added Pin To Net: NetName=PC14 Pin=*1-3
Added Pin To Net: NetName=PC14 Pin=C1-2
Added Pin To Net: NetName=PC14 Pin=P1-3
Added Net: Name=PC14
Added Pin To Net: NetName=PC15 Pin=*1-4
Added Pin To Net: NetName=PC15 Pin=C2-2
Added Pin To Net: NetName=PC15 Pin=P1-4
Added Pin To Net: NetName=PC15 Pin=Y1-1
Added Net: Name=PC15
Added Pin To Net: NetName=RESET Pin=*1-7
Added Pin To Net: NetName=RESET Pin=C10-2
Added Pin To Net: NetName=RESET Pin=P1-17
Added Pin To Net: NetName=RESET Pin=R9-2
Added Pin To Net: NetName=RESET Pin=SW1-1
Added Net: Name=RESET
Added Pin To Net: NetName=SWDCLK Pin=*1-37
Added Pin To Net: NetName=SWDCLK Pin=P3-3
Added Net: Name=SWDCLK
Added Pin To Net: NetName=SWDIO Pin=*1-34
Added Pin To Net: NetName=SWDIO Pin=P3-2
Added Net: Name=SWDIO
Added Pin To Net: NetName=VBAT Pin=*1-1
Added Pin To Net: NetName=VBAT Pin=P1-1
Added Net: Name=VBAT
Added Pin To Net: NetName=VCC3V3 Pin=*1-9
Added Pin To Net: NetName=VCC3V3 Pin=*1-24
Added Pin To Net: NetName=VCC3V3 Pin=*1-36
Added Pin To Net: NetName=VCC3V3 Pin=*1-48
Added Pin To Net: NetName=VCC3V3 Pin=C5-2
Added Pin To Net: NetName=VCC3V3 Pin=C6-2
Added Pin To Net: NetName=VCC3V3 Pin=C7-2
Added Pin To Net: NetName=VCC3V3 Pin=C8-2
Added Pin To Net: NetName=VCC3V3 Pin=C9-2
Added Pin To Net: NetName=VCC3V3 Pin=D1-1
Added Pin To Net: NetName=VCC3V3 Pin=D2-1
Added Pin To Net: NetName=VCC3V3 Pin=P1-18
Added Pin To Net: NetName=VCC3V3 Pin=P2-1
Added Pin To Net: NetName=VCC3V3 Pin=P3-1
Added Pin To Net: NetName=VCC3V3 Pin=P4-1
Added Pin To Net: NetName=VCC3V3 Pin=P4-2
Added Pin To Net: NetName=VCC3V3 Pin=R9-1
Added Net: Name=VCC3V3
Added Class: Name=Sheet1
